c:\users\frien\source\repos\chatappv3\client\x64\debug\qrc_client.obj
c:\users\frien\source\repos\chatappv3\client\x64\debug\moc_client.obj
c:\users\frien\source\repos\chatappv3\client\x64\debug\vc143.pdb
c:\users\frien\source\repos\chatappv3\client\x64\debug\client.obj
c:\users\frien\source\repos\chatappv3\client\x64\debug\main.obj
c:\users\frien\source\repos\chatappv3\client\x64\debug\uic\ui_client.h
c:\users\frien\source\repos\chatappv3\client\x64\debug\rcc\qrc_client.cpp
c:\users\frien\source\repos\chatappv3\client\x64\debug\moc\moc_client.cpp
c:\users\frien\source\repos\chatappv3\client\x64\debug\client.exe
c:\users\frien\source\repos\chatappv3\client\x64\debug\client.ilk
c:\users\frien\source\repos\chatappv3\client\x64\debug\client.pdb
c:\users\frien\source\repos\chatappv3\client\x64\debug\client.tlog\cl.command.1.tlog
c:\users\frien\source\repos\chatappv3\client\x64\debug\client.tlog\cl.read.1.tlog
c:\users\frien\source\repos\chatappv3\client\x64\debug\client.tlog\cl.write.1.tlog
c:\users\frien\source\repos\chatappv3\client\x64\debug\client.tlog\client.write.1u.tlog
c:\users\frien\source\repos\chatappv3\client\x64\debug\client.tlog\link.command.1.tlog
c:\users\frien\source\repos\chatappv3\client\x64\debug\client.tlog\link.read.1.tlog
c:\users\frien\source\repos\chatappv3\client\x64\debug\client.tlog\link.write.1.tlog
c:\users\frien\source\repos\chatappv3\client\x64\debug\client.tlog\moc.read.1u.tlog
c:\users\frien\source\repos\chatappv3\client\x64\debug\client.tlog\moc.write.1u.tlog
c:\users\frien\source\repos\chatappv3\client\x64\debug\client.tlog\rcc.read.1u.tlog
c:\users\frien\source\repos\chatappv3\client\x64\debug\client.tlog\rcc.write.1u.tlog
c:\users\frien\source\repos\chatappv3\client\x64\debug\client.tlog\uic.read.1u.tlog
c:\users\frien\source\repos\chatappv3\client\x64\debug\client.tlog\uic.write.1u.tlog
